make all --print-data-base --no-builtin-variables --no-builtin-rules --question
# GNU Make 3.81
# Copyright (C) 2006  Free Software Foundation, Inc.
# This is free software; see the source for copying conditions.
# There is NO warranty; not even for MERCHANTABILITY or FITNESS FOR A
# PARTICULAR PURPOSE.

# This program built for i386-apple-darwin11.3.0

# Make data base, printed on Mon Dec 12 13:50:12 2022

# Variables

# automatic
<D = $(patsubst %/,%,$(dir $<))
# automatic
?F = $(notdir $?)
# environment
AWS_SECRET_ACCESS_KEY = ***
# environment
ELECTRON_NO_ATTACH_CONSOLE = 1
# environment
ANDROID_NDK_ROOT = /usr/local/share/android-commandlinetools/ndk-bundle
# environment
LC_CTYPE = UTF-8
# environment
NVM_INC = /Users/apple/.nvm/versions/node/v14.17.0/include/node
# automatic
?D = $(patsubst %/,%,$(dir $?))
# environment
GRADLE_HOME = /usr/local/opt/gradle
# automatic
@D = $(patsubst %/,%,$(dir $@))
# automatic
@F = $(notdir $@)
# makefile
CURDIR := /Users/apple/workspace/go/src/github.com/gedw99/sc-gio/nats/nats-wasm/mlctrez__goapp-audioplayer
# makefile
SHELL = /bin/sh
# environment
VSCODE_NLS_CONFIG = {"locale":"en-de","availableLanguages":{},"_languagePackSupport":true}
# environment
_ = /usr/bin/make
# environment
QT_DIR = /Users/apple/Qt
# environment
GITHUB_TOKEN = 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
# makefile (from `makefile', line 1)
MAKEFILE_LIST :=  makefile
# environment
GO111MODULE = on
# environment
VSCODE_AMD_ENTRYPOINT = vs/workbench/api/node/extensionHostProcess
# environment
DIGITALOCEAN_ACCESS_TOKEN = b25e6a923b11e6a4f18abad9850462d8020d02447f5c9661b73bbc0d31710c7d
# environment
__CFBundleIdentifier = com.microsoft.VSCode
# environment
GITHUB_ACCOUNT = gedw99@gmail.com
# environment
AWS_DEFAULT_REGION = ***
# environment
VSCODE_CWD = /Users/apple/workspace/go/src/github.com/gedw99/sc-gio/nats/nats-wasm
# environment
GOPROXY = https://proxy.golang.org,direct
# environment
PATH = /usr/local/opt/go/libexec/bin:/usr/local/opt/coreutils/libexec/gnubin:/Users/apple/google-cloud-sdk/bin:/usr/local/opt/gradle/bin:/Library/Java/JavaVirtualMachines/temurin-8.jdk/Contents/Home/bin:/Users/apple/.nvm/versions/node/v14.17.0/bin:/usr/local/opt/coreutils/libexec/gnubin:/usr/local/bin:/usr/bin:/bin:/usr/sbin:/sbin:/usr/local/go/bin:/usr/local/share/dotnet:/Library/Apple/usr/bin:/Library/Frameworks/Mono.framework/Versions/Current/Commands:/Users/apple/.local/bin:/Users/apple/workspace:/Users/apple/workspace/go/bin:/usr/local/share/android-commandlinetools/tools/bin:/usr/local/share/android-commandlinetools/platform-tools:/usr/local/share/android-commandlinetools/emulator
# environment
GOROOT = /usr/local/opt/go/libexec
# makefile (from `makefile', line 5)
REPO_NAME = goapp-audioplayer
# environment
GOPATH = /Users/apple/workspace/go
# environment
NVM_BIN = /Users/apple/.nvm/versions/node/v14.17.0/bin
# environment
ELECTRON_RUN_AS_NODE = 1
# environment
ANDROID_HOME = /usr/local/share/android-commandlinetools
# default
.FEATURES := target-specific order-only second-expansion else-if archives jobserver check-symlink
# environment
SSH_AUTH_SOCK = /private/tmp/com.apple.launchd.4yNA0bNViG/Listeners
# environment
QT_VERSION = 5.9
# automatic
%F = $(notdir $%)
# environment
PWD = /Users/apple/workspace/go/src/github.com/gedw99/sc-gio/nats/nats-wasm/mlctrez__goapp-audioplayer
# environment
ORIGINAL_XDG_CURRENT_DESKTOP = undefined
# environment
GOMODCACHE = /Users/apple/workspace/go/pkg/mod
# environment
HOME = /Users/apple
# default
MAKEFILEPATH := /Applications/Xcode.app/Contents/Developer/Makefiles
# environment
VSCODE_CLI = 1
# environment
VSCODE_CODE_CACHE_PATH = /Users/apple/Library/Application Support/Code/CachedData/5235c6bb189b60b01b1f49062f4ffa42384f8c91
# environment
LOGNAME = apple
# environment
APPLICATION_INSIGHTS_NO_DIAGNOSTIC_CHANNEL = 1
# environment
NVM_CD_FLAGS = -q
# environment
VSCODE_HANDLES_UNCAUGHT_ERRORS = true
# automatic
^D = $(patsubst %/,%,$(dir $^))
# environment
XPC_FLAGS = 0x0
# default
MAKE = $(MAKE_COMMAND)
# default
MAKECMDGOALS := all
# environment
SHLVL = 3
# environment
JAVA_HOME = /Library/Java/JavaVirtualMachines/temurin-8.jdk/Contents/Home
# default
MAKE_VERSION := 3.81
# environment
USER = apple
# makefile
.DEFAULT_GOAL := print
# environment
TERM_SESSION_ID = BE1F7E7F-B72D-4F7C-B02C-C0D4D6C5B4FC
# automatic
%D = $(patsubst %/,%,$(dir $%))
# environment
AWS_ACCESS_KEY_ID = ***
# default
MAKE_COMMAND := /Applications/Xcode.app/Contents/Developer/usr/bin/make
# environment
TERM_PROGRAM = Apple_Terminal
# default
.VARIABLES := 
# environment
TMPDIR = /var/folders/wp/ff6sz9qs6g71jnm12nj2kbyw0000gp/T/
# automatic
*F = $(notdir $*)
# environment
VSCODE_IPC_HOOK = /Users/apple/Library/Application Support/Code/1.74.0-main.sock
# environment
MallocNanoZone = 0
# makefile
MAKEFLAGS = Rrqp
# environment
MFLAGS = -Rrqp
# automatic
*D = $(patsubst %/,%,$(dir $*))
# environment
TERM_PROGRAM_VERSION = 440
# environment
NVM_DIR = /Users/apple/.nvm
# environment
XPC_SERVICE_NAME = application.com.microsoft.VSCode.8855601727.8855601733.4879C016-6E88-4109-948C-8113EB2FDF7A
# automatic
+D = $(patsubst %/,%,$(dir $+))
# makefile (from `makefile', line 6)
REPO_VERSION = v0.11.17
# automatic
+F = $(notdir $+)
# makefile (from `makefile', line 8)
APP_NAME = goapp
# environment
AWS_ACCOUNT = joeblew99@gmail.com
# environment
__CF_USER_TEXT_ENCODING = 0x1F6:0x0:0x0
# environment
COMMAND_MODE = unix2003
# default
MAKEFILES := 
# automatic
<F = $(notdir $<)
# environment
ANDROID_SDK_ROOT = /usr/local/share/android-commandlinetools
# environment
LC_ALL = C
# automatic
^F = $(notdir $^)
# default
SUFFIXES := 
# default
.INCLUDE_DIRS = /usr/local/include
# environment
MAKELEVEL := 0
# environment
LANG = C
# environment
TERM = xterm-256color
# environment
VSCODE_PID = 52356
# variable set hash-table stats:
# Load=91/1024=9%, Rehash=0, Collisions=4/115=3%

# Pattern-specific Variable Values

# No pattern-specific variable values.

# Directories

# . (device 16777220, inode 8855809038): 7 files, no impossibilities.

# 7 files, no impossibilities in 1 directories.

# Implicit Rules

# No implicit rules.

# Files

dep-git:
#  Implicit rule search has not been done.
#  Modification time never checked.
#  File has not been updated.
#  commands to execute (from `makefile', line 13):
	git clone git@github.com:mlctrez/goapp-audioplayer.git -b $(REPO_VERSION)
	@echo $(REPO_NAME) >> .gitignore
	

# Not a target:
all:
#  Command-line target.
#  Implicit rule search has been done.
#  File does not exist.
#  File has not been updated.
# variable set hash-table stats:
# Load=0/32=0%, Rehash=0, Collisions=0/0=0%

mod-tidy:
#  Implicit rule search has not been done.
#  Modification time never checked.
#  File has not been updated.
#  commands to execute (from `makefile', line 21):
	cd $(REPO_NAME) && go mod tidy
	

# Not a target:
.SUFFIXES:
#  Implicit rule search has not been done.
#  Modification time never checked.
#  File has not been updated.

print:
#  Implicit rule search has not been done.
#  Modification time never checked.
#  File has not been updated.

# Not a target:
makefile:
#  Implicit rule search has been done.
#  Last modified 2022-12-12 12:27:45
#  File has been updated.
#  Successfully updated.
# variable set hash-table stats:
# Load=0/32=0%, Rehash=0, Collisions=0/0=0%

run-secure:
#  Implicit rule search has not been done.
#  Modification time never checked.
#  File has not been updated.
#  commands to execute (from `makefile', line 28):
	@DEV=1 GIN_MODE=release ADDRESS=:443 ./$(REPO_NAME)/temp/$(APP_NAME)
	# https://localhost:443
	

# Not a target:
.DEFAULT:
#  Implicit rule search has not been done.
#  Modification time never checked.
#  File has not been updated.

dep-git-pull:
#  Implicit rule search has not been done.
#  Modification time never checked.
#  File has not been updated.
#  commands to execute (from `makefile', line 18):
	cd $(REPO_NAME) && git pull
	

run:
#  Implicit rule search has not been done.
#  Modification time never checked.
#  File has not been updated.
#  commands to execute (from `makefile', line 24):
	cd $(REPO_NAME) && GIN_MODE=release $(MAKE)
	# http://localhost:9021
	

dep-git-del:
#  Implicit rule search has not been done.
#  Modification time never checked.
 
make: *** No rule to make target `all'.  Stop.

#  File has not been updated.
#  commands to execute (from `makefile', line 16):
	rm -rf $(REPO_NAME)
	

# files hash-table stats:
# Load=11/1024=1%, Rehash=0, Collisions=0/23=0%
# VPATH Search Paths

# No `vpath' search paths.

# No general (`VPATH' variable) search path.

# # of strings in strcache: 1
# # of strcache buffers: 1
# strcache size: total = 4096 / max = 4096 / min = 4096 / avg = 4096
# strcache free: total = 4087 / max = 4087 / min = 4087 / avg = 4087

# Finished Make data base on Mon Dec 12 13:50:12 2022

 
